{"/Users/jdario/Development/dashboard/src/models/app.js":{"path":"/Users/jdario/Development/dashboard/src/models/app.js","s":{"1":1,"2":1,"3":1,"4":1,"5":1,"6":1,"7":1,"8":1,"9":1,"10":0,"11":0,"12":0,"13":0,"14":0,"15":0,"16":1,"17":0,"18":0,"19":0,"20":0,"21":0,"22":1,"23":0,"24":0,"25":0,"26":1,"27":1,"28":0,"29":1,"30":1,"31":0,"32":1,"33":0,"34":1,"35":1,"36":0,"37":1,"38":1,"39":1},"b":{"1":[0,0],"2":[0,0],"3":[0,0],"4":[0,1],"5":[0,1],"6":[0,1],"7":[1,0]},"f":{"1":0,"2":0,"3":0,"4":0,"5":0,"6":1,"7":1,"8":1},"fnMap":{"1":{"name":"(anonymous_1)","line":11,"loc":{"start":{"line":11,"column":10},"end":{"line":11,"column":26}}},"2":{"name":"(anonymous_2)","line":12,"loc":{"start":{"line":12,"column":29},"end":{"line":12,"column":51}}},"3":{"name":"(anonymous_3)","line":15,"loc":{"start":{"line":15,"column":25},"end":{"line":15,"column":40}}},"4":{"name":"(anonymous_4)","line":23,"loc":{"start":{"line":23,"column":13},"end":{"line":23,"column":34}}},"5":{"name":"(anonymous_5)","line":31,"loc":{"start":{"line":31,"column":21},"end":{"line":31,"column":42}}},"6":{"name":"(anonymous_6)","line":38,"loc":{"start":{"line":38,"column":14},"end":{"line":38,"column":38}}},"7":{"name":"(anonymous_7)","line":41,"loc":{"start":{"line":41,"column":19},"end":{"line":41,"column":41}}},"8":{"name":"_isUrl","line":54,"loc":{"start":{"line":54,"column":0},"end":{"line":54,"column":20}}}},"statementMap":{"1":{"start":{"line":1,"column":0},"end":{"line":1,"column":26}},"2":{"start":{"line":2,"column":0},"end":{"line":2,"column":28}},"3":{"start":{"line":3,"column":0},"end":{"line":3,"column":36}},"4":{"start":{"line":4,"column":0},"end":{"line":4,"column":41}},"5":{"start":{"line":5,"column":0},"end":{"line":5,"column":43}},"6":{"start":{"line":6,"column":0},"end":{"line":6,"column":53}},"7":{"start":{"line":7,"column":0},"end":{"line":7,"column":36}},"8":{"start":{"line":9,"column":0},"end":{"line":9,"column":29}},"9":{"start":{"line":11,"column":0},"end":{"line":21,"column":1}},"10":{"start":{"line":12,"column":2},"end":{"line":20,"column":4}},"11":{"start":{"line":13,"column":4},"end":{"line":13,"column":29}},"12":{"start":{"line":13,"column":13},"end":{"line":13,"column":29}},"13":{"start":{"line":15,"column":4},"end":{"line":17,"column":6}},"14":{"start":{"line":16,"column":6},"end":{"line":16,"column":74}},"15":{"start":{"line":19,"column":4},"end":{"line":19,"column":21}},"16":{"start":{"line":23,"column":0},"end":{"line":29,"column":1}},"17":{"start":{"line":24,"column":2},"end":{"line":24,"column":44}},"18":{"start":{"line":25,"column":2},"end":{"line":25,"column":81}},"19":{"start":{"line":25,"column":29},"end":{"line":25,"column":81}},"20":{"start":{"line":27,"column":2},"end":{"line":27,"column":54}},"21":{"start":{"line":28,"column":2},"end":{"line":28,"column":24}},"22":{"start":{"line":31,"column":0},"end":{"line":36,"column":1}},"23":{"start":{"line":32,"column":2},"end":{"line":34,"column":3}},"24":{"start":{"line":33,"column":4},"end":{"line":33,"column":56}},"25":{"start":{"line":35,"column":2},"end":{"line":35,"column":67}},"26":{"start":{"line":38,"column":0},"end":{"line":52,"column":1}},"27":{"start":{"line":39,"column":2},"end":{"line":39,"column":60}},"28":{"start":{"line":39,"column":22},"end":{"line":39,"column":60}},"29":{"start":{"line":41,"column":2},"end":{"line":51,"column":4}},"30":{"start":{"line":42,"column":4},"end":{"line":42,"column":29}},"31":{"start":{"line":42,"column":13},"end":{"line":42,"column":29}},"32":{"start":{"line":44,"column":4},"end":{"line":50,"column":5}},"33":{"start":{"line":45,"column":6},"end":{"line":45,"column":37}},"34":{"start":{"line":46,"column":11},"end":{"line":50,"column":5}},"35":{"start":{"line":47,"column":6},"end":{"line":47,"column":37}},"36":{"start":{"line":49,"column":6},"end":{"line":49,"column":71}},"37":{"start":{"line":54,"column":0},"end":{"line":57,"column":1}},"38":{"start":{"line":55,"column":2},"end":{"line":55,"column":98}},"39":{"start":{"line":56,"column":2},"end":{"line":56,"column":23}}},"branchMap":{"1":{"line":13,"type":"if","locations":[{"start":{"line":13,"column":4},"end":{"line":13,"column":4}},{"start":{"line":13,"column":4},"end":{"line":13,"column":4}}]},"2":{"line":25,"type":"if","locations":[{"start":{"line":25,"column":2},"end":{"line":25,"column":2}},{"start":{"line":25,"column":2},"end":{"line":25,"column":2}}]},"3":{"line":32,"type":"if","locations":[{"start":{"line":32,"column":2},"end":{"line":32,"column":2}},{"start":{"line":32,"column":2},"end":{"line":32,"column":2}}]},"4":{"line":39,"type":"if","locations":[{"start":{"line":39,"column":2},"end":{"line":39,"column":2}},{"start":{"line":39,"column":2},"end":{"line":39,"column":2}}]},"5":{"line":42,"type":"if","locations":[{"start":{"line":42,"column":4},"end":{"line":42,"column":4}},{"start":{"line":42,"column":4},"end":{"line":42,"column":4}}]},"6":{"line":44,"type":"if","locations":[{"start":{"line":44,"column":4},"end":{"line":44,"column":4}},{"start":{"line":44,"column":4},"end":{"line":44,"column":4}}]},"7":{"line":46,"type":"if","locations":[{"start":{"line":46,"column":11},"end":{"line":46,"column":11}},{"start":{"line":46,"column":11},"end":{"line":46,"column":11}}]}}},"/Users/jdario/Development/dashboard/config/index.js":{"path":"/Users/jdario/Development/dashboard/config/index.js","s":{"1":1,"2":1,"3":1,"4":1,"5":1,"6":1,"7":1,"8":1,"9":1},"b":{"1":[0,1]},"f":{},"fnMap":{},"statementMap":{"1":{"start":{"line":5,"column":0},"end":{"line":5,"column":26}},"2":{"start":{"line":7,"column":0},"end":{"line":7,"column":37}},"3":{"start":{"line":9,"column":0},"end":{"line":9,"column":32}},"4":{"start":{"line":10,"column":0},"end":{"line":10,"column":59}},"5":{"start":{"line":11,"column":0},"end":{"line":11,"column":22}},"6":{"start":{"line":12,"column":0},"end":{"line":12,"column":28}},"7":{"start":{"line":13,"column":0},"end":{"line":13,"column":43}},"8":{"start":{"line":14,"column":0},"end":{"line":14,"column":54}},"9":{"start":{"line":15,"column":0},"end":{"line":15,"column":46}}},"branchMap":{"1":{"line":10,"type":"cond-expr","locations":[{"start":{"line":10,"column":50},"end":{"line":10,"column":52}},{"start":{"line":10,"column":55},"end":{"line":10,"column":59}}]}}},"/Users/jdario/Development/dashboard/src/helpers/broker.js":{"path":"/Users/jdario/Development/dashboard/src/helpers/broker.js","s":{"1":1,"2":1,"3":1,"4":1,"5":1,"6":1,"7":0,"8":1,"9":0,"10":0,"11":0,"12":0,"13":0,"14":0,"15":0,"16":0,"17":1,"18":0,"19":0,"20":1,"21":0,"22":1,"23":0,"24":1,"25":0,"26":1,"27":1,"28":0,"29":0,"30":0,"31":0},"b":{"1":[0,0]},"f":{"1":0,"2":0,"3":0,"4":0,"5":0,"6":0,"7":0,"8":0},"fnMap":{"1":{"name":"(anonymous_1)","line":12,"loc":{"start":{"line":12,"column":19},"end":{"line":12,"column":35}}},"2":{"name":"(anonymous_2)","line":17,"loc":{"start":{"line":17,"column":14},"end":{"line":17,"column":40}}},"3":{"name":"(anonymous_3)","line":33,"loc":{"start":{"line":33,"column":16},"end":{"line":33,"column":40}}},"4":{"name":"(anonymous_4)","line":39,"loc":{"start":{"line":39,"column":15},"end":{"line":39,"column":39}}},"5":{"name":"(anonymous_5)","line":43,"loc":{"start":{"line":43,"column":17},"end":{"line":43,"column":41}}},"6":{"name":"(anonymous_6)","line":47,"loc":{"start":{"line":47,"column":17},"end":{"line":47,"column":41}}},"7":{"name":"_parse","line":53,"loc":{"start":{"line":53,"column":0},"end":{"line":53,"column":22}}},"8":{"name":"(anonymous_8)","line":57,"loc":{"start":{"line":57,"column":28},"end":{"line":57,"column":40}}}},"statementMap":{"1":{"start":{"line":5,"column":0},"end":{"line":5,"column":26}},"2":{"start":{"line":6,"column":0},"end":{"line":6,"column":28}},"3":{"start":{"line":7,"column":0},"end":{"line":7,"column":45}},"4":{"start":{"line":9,"column":0},"end":{"line":9,"column":32}},"5":{"start":{"line":11,"column":0},"end":{"line":11,"column":48}},"6":{"start":{"line":12,"column":0},"end":{"line":14,"column":2}},"7":{"start":{"line":13,"column":2},"end":{"line":13,"column":19}},"8":{"start":{"line":17,"column":0},"end":{"line":31,"column":1}},"9":{"start":{"line":18,"column":2},"end":{"line":18,"column":40}},"10":{"start":{"line":19,"column":2},"end":{"line":19,"column":34}},"11":{"start":{"line":22,"column":2},"end":{"line":22,"column":56}},"12":{"start":{"line":26,"column":2},"end":{"line":26,"column":51}},"13":{"start":{"line":26,"column":32},"end":{"line":26,"column":51}},"14":{"start":{"line":28,"column":2},"end":{"line":28,"column":19}},"15":{"start":{"line":29,"column":2},"end":{"line":29,"column":27}},"16":{"start":{"line":30,"column":2},"end":{"line":30,"column":56}},"17":{"start":{"line":33,"column":0},"end":{"line":37,"column":1}},"18":{"start":{"line":35,"column":2},"end":{"line":35,"column":80}},"19":{"start":{"line":36,"column":2},"end":{"line":36,"column":63}},"20":{"start":{"line":39,"column":0},"end":{"line":41,"column":1}},"21":{"start":{"line":40,"column":2},"end":{"line":40,"column":61}},"22":{"start":{"line":43,"column":0},"end":{"line":45,"column":1}},"23":{"start":{"line":44,"column":2},"end":{"line":44,"column":63}},"24":{"start":{"line":47,"column":0},"end":{"line":49,"column":1}},"25":{"start":{"line":48,"column":2},"end":{"line":48,"column":63}},"26":{"start":{"line":51,"column":0},"end":{"line":51,"column":27}},"27":{"start":{"line":53,"column":0},"end":{"line":60,"column":1}},"28":{"start":{"line":54,"column":2},"end":{"line":54,"column":40}},"29":{"start":{"line":55,"column":2},"end":{"line":55,"column":11}},"30":{"start":{"line":57,"column":2},"end":{"line":59,"column":4}},"31":{"start":{"line":58,"column":4},"end":{"line":58,"column":20}}},"branchMap":{"1":{"line":26,"type":"if","locations":[{"start":{"line":26,"column":2},"end":{"line":26,"column":2}},{"start":{"line":26,"column":2},"end":{"line":26,"column":2}}]}}},"/Users/jdario/Development/dashboard/src/util/not-found.js":{"path":"/Users/jdario/Development/dashboard/src/util/not-found.js","s":{"1":1,"2":1,"3":0,"4":0,"5":0,"6":0,"7":1,"8":1},"b":{"1":[0,0]},"f":{"1":0},"fnMap":{"1":{"name":"NotFound","line":3,"loc":{"start":{"line":3,"column":0},"end":{"line":3,"column":28}}}},"statementMap":{"1":{"start":{"line":1,"column":0},"end":{"line":1,"column":26}},"2":{"start":{"line":3,"column":0},"end":{"line":8,"column":1}},"3":{"start":{"line":4,"column":2},"end":{"line":4,"column":18}},"4":{"start":{"line":5,"column":2},"end":{"line":5,"column":49}},"5":{"start":{"line":6,"column":2},"end":{"line":6,"column":39}},"6":{"start":{"line":7,"column":2},"end":{"line":7,"column":23}},"7":{"start":{"line":10,"column":0},"end":{"line":10,"column":30}},"8":{"start":{"line":12,"column":0},"end":{"line":12,"column":25}}},"branchMap":{"1":{"line":6,"type":"binary-expr","locations":[{"start":{"line":6,"column":17},"end":{"line":6,"column":24}},{"start":{"line":6,"column":28},"end":{"line":6,"column":39}}]}}},"/Users/jdario/Development/dashboard/src/util/invalid-format.js":{"path":"/Users/jdario/Development/dashboard/src/util/invalid-format.js","s":{"1":1,"2":1,"3":0,"4":0,"5":0,"6":0,"7":1,"8":1},"b":{"1":[0,0]},"f":{"1":0},"fnMap":{"1":{"name":"InvalidFormat","line":3,"loc":{"start":{"line":3,"column":0},"end":{"line":3,"column":33}}}},"statementMap":{"1":{"start":{"line":1,"column":0},"end":{"line":1,"column":26}},"2":{"start":{"line":3,"column":0},"end":{"line":8,"column":1}},"3":{"start":{"line":4,"column":2},"end":{"line":4,"column":18}},"4":{"start":{"line":5,"column":2},"end":{"line":5,"column":49}},"5":{"start":{"line":6,"column":2},"end":{"line":6,"column":44}},"6":{"start":{"line":7,"column":2},"end":{"line":7,"column":23}},"7":{"start":{"line":10,"column":0},"end":{"line":10,"column":35}},"8":{"start":{"line":12,"column":0},"end":{"line":12,"column":30}}},"branchMap":{"1":{"line":6,"type":"binary-expr","locations":[{"start":{"line":6,"column":17},"end":{"line":6,"column":24}},{"start":{"line":6,"column":28},"end":{"line":6,"column":44}}]}}},"/Users/jdario/Development/dashboard/src/models/_install.js":{"path":"/Users/jdario/Development/dashboard/src/models/_install.js","s":{"1":1,"2":1,"3":1,"4":1,"5":1,"6":1,"7":1,"8":1,"9":1,"10":0,"11":1,"12":1,"13":0,"14":1,"15":1,"16":0,"17":1,"18":1,"19":0,"20":1,"21":1,"22":1,"23":0,"24":1,"25":1,"26":1,"27":1,"28":1,"29":0,"30":1,"31":1,"32":1,"33":0,"34":1,"35":1,"36":0,"37":1,"38":0,"39":1,"40":1,"41":0,"42":0,"43":0,"44":0,"45":0,"46":0,"47":0,"48":0,"49":0,"50":0,"51":0,"52":1},"b":{"1":[0,1],"2":[0,1],"3":[0,1],"4":[0,1],"5":[0,1],"6":[0,1],"7":[0,1],"8":[0,1],"9":[0,1],"10":[0,0],"11":[0,0]},"f":{"1":1,"2":1,"3":1,"4":1,"5":1,"6":1,"7":1,"8":0,"9":0,"10":0},"fnMap":{"1":{"name":"_installFromDir","line":7,"loc":{"start":{"line":7,"column":0},"end":{"line":7,"column":37}}},"2":{"name":"(anonymous_2)","line":23,"loc":{"start":{"line":23,"column":24},"end":{"line":23,"column":39}}},"3":{"name":"_installFromTar","line":29,"loc":{"start":{"line":29,"column":0},"end":{"line":29,"column":41}}},"4":{"name":"(anonymous_4)","line":34,"loc":{"start":{"line":34,"column":7},"end":{"line":34,"column":22}}},"5":{"name":"(anonymous_5)","line":37,"loc":{"start":{"line":37,"column":28},"end":{"line":37,"column":52}}},"6":{"name":"(anonymous_6)","line":38,"loc":{"start":{"line":38,"column":24},"end":{"line":38,"column":39}}},"7":{"name":"(anonymous_7)","line":42,"loc":{"start":{"line":42,"column":25},"end":{"line":42,"column":40}}},"8":{"name":"_installFromGit","line":52,"loc":{"start":{"line":52,"column":0},"end":{"line":52,"column":37}}},"9":{"name":"(anonymous_9)","line":55,"loc":{"start":{"line":55,"column":25},"end":{"line":55,"column":46}}},"10":{"name":"(anonymous_10)","line":59,"loc":{"start":{"line":59,"column":31},"end":{"line":59,"column":55}}}},"statementMap":{"1":{"start":{"line":1,"column":0},"end":{"line":1,"column":26}},"2":{"start":{"line":2,"column":0},"end":{"line":2,"column":36}},"3":{"start":{"line":3,"column":0},"end":{"line":3,"column":38}},"4":{"start":{"line":4,"column":0},"end":{"line":4,"column":25}},"5":{"start":{"line":5,"column":0},"end":{"line":5,"column":28}},"6":{"start":{"line":7,"column":0},"end":{"line":27,"column":1}},"7":{"start":{"line":8,"column":2},"end":{"line":8,"column":34}},"8":{"start":{"line":9,"column":2},"end":{"line":9,"column":39}},"9":{"start":{"line":10,"column":2},"end":{"line":10,"column":52}},"10":{"start":{"line":10,"column":28},"end":{"line":10,"column":52}},"11":{"start":{"line":12,"column":2},"end":{"line":12,"column":50}},"12":{"start":{"line":13,"column":2},"end":{"line":13,"column":38}},"13":{"start":{"line":13,"column":16},"end":{"line":13,"column":38}},"14":{"start":{"line":15,"column":2},"end":{"line":15,"column":51}},"15":{"start":{"line":16,"column":2},"end":{"line":16,"column":54}},"16":{"start":{"line":16,"column":30},"end":{"line":16,"column":54}},"17":{"start":{"line":19,"column":2},"end":{"line":19,"column":40}},"18":{"start":{"line":20,"column":2},"end":{"line":21,"column":32}},"19":{"start":{"line":20,"column":28},"end":{"line":20,"column":52}},"20":{"start":{"line":21,"column":7},"end":{"line":21,"column":32}},"21":{"start":{"line":23,"column":2},"end":{"line":26,"column":4}},"22":{"start":{"line":24,"column":4},"end":{"line":24,"column":29}},"23":{"start":{"line":24,"column":13},"end":{"line":24,"column":29}},"24":{"start":{"line":25,"column":4},"end":{"line":25,"column":23}},"25":{"start":{"line":29,"column":0},"end":{"line":50,"column":1}},"26":{"start":{"line":30,"column":2},"end":{"line":30,"column":66}},"27":{"start":{"line":32,"column":2},"end":{"line":49,"column":4}},"28":{"start":{"line":35,"column":4},"end":{"line":35,"column":29}},"29":{"start":{"line":35,"column":13},"end":{"line":35,"column":29}},"30":{"start":{"line":37,"column":4},"end":{"line":48,"column":6}},"31":{"start":{"line":38,"column":6},"end":{"line":40,"column":8}},"32":{"start":{"line":39,"column":8},"end":{"line":39,"column":33}},"33":{"start":{"line":39,"column":17},"end":{"line":39,"column":33}},"34":{"start":{"line":42,"column":6},"end":{"line":44,"column":8}},"35":{"start":{"line":43,"column":8},"end":{"line":43,"column":33}},"36":{"start":{"line":43,"column":17},"end":{"line":43,"column":33}},"37":{"start":{"line":46,"column":6},"end":{"line":47,"column":24}},"38":{"start":{"line":46,"column":15},"end":{"line":46,"column":31}},"39":{"start":{"line":47,"column":11},"end":{"line":47,"column":24}},"40":{"start":{"line":52,"column":0},"end":{"line":66,"column":1}},"41":{"start":{"line":53,"column":2},"end":{"line":53,"column":66}},"42":{"start":{"line":54,"column":2},"end":{"line":54,"column":24}},"43":{"start":{"line":55,"column":2},"end":{"line":65,"column":4}},"44":{"start":{"line":56,"column":4},"end":{"line":56,"column":29}},"45":{"start":{"line":56,"column":13},"end":{"line":56,"column":29}},"46":{"start":{"line":57,"column":4},"end":{"line":57,"column":26}},"47":{"start":{"line":59,"column":4},"end":{"line":64,"column":6}},"48":{"start":{"line":60,"column":6},"end":{"line":60,"column":31}},"49":{"start":{"line":60,"column":15},"end":{"line":60,"column":31}},"50":{"start":{"line":61,"column":6},"end":{"line":61,"column":28}},"51":{"start":{"line":63,"column":6},"end":{"line":63,"column":19}},"52":{"start":{"line":68,"column":0},"end":{"line":74,"column":1}}},"branchMap":{"1":{"line":10,"type":"if","locations":[{"start":{"line":10,"column":2},"end":{"line":10,"column":2}},{"start":{"line":10,"column":2},"end":{"line":10,"column":2}}]},"2":{"line":13,"type":"if","locations":[{"start":{"line":13,"column":2},"end":{"line":13,"column":2}},{"start":{"line":13,"column":2},"end":{"line":13,"column":2}}]},"3":{"line":16,"type":"if","locations":[{"start":{"line":16,"column":2},"end":{"line":16,"column":2}},{"start":{"line":16,"column":2},"end":{"line":16,"column":2}}]},"4":{"line":20,"type":"if","locations":[{"start":{"line":20,"column":2},"end":{"line":20,"column":2}},{"start":{"line":20,"column":2},"end":{"line":20,"column":2}}]},"5":{"line":24,"type":"if","locations":[{"start":{"line":24,"column":4},"end":{"line":24,"column":4}},{"start":{"line":24,"column":4},"end":{"line":24,"column":4}}]},"6":{"line":35,"type":"if","locations":[{"start":{"line":35,"column":4},"end":{"line":35,"column":4}},{"start":{"line":35,"column":4},"end":{"line":35,"column":4}}]},"7":{"line":39,"type":"if","locations":[{"start":{"line":39,"column":8},"end":{"line":39,"column":8}},{"start":{"line":39,"column":8},"end":{"line":39,"column":8}}]},"8":{"line":43,"type":"if","locations":[{"start":{"line":43,"column":8},"end":{"line":43,"column":8}},{"start":{"line":43,"column":8},"end":{"line":43,"column":8}}]},"9":{"line":46,"type":"if","locations":[{"start":{"line":46,"column":6},"end":{"line":46,"column":6}},{"start":{"line":46,"column":6},"end":{"line":46,"column":6}}]},"10":{"line":56,"type":"if","locations":[{"start":{"line":56,"column":4},"end":{"line":56,"column":4}},{"start":{"line":56,"column":4},"end":{"line":56,"column":4}}]},"11":{"line":60,"type":"if","locations":[{"start":{"line":60,"column":6},"end":{"line":60,"column":6}},{"start":{"line":60,"column":6},"end":{"line":60,"column":6}}]}}}}