TN:
SF:/Users/jdario/Development/dashboard/src/models/app.js
FN:11,(anonymous_1)
FN:12,(anonymous_2)
FN:15,(anonymous_3)
FN:23,(anonymous_4)
FN:31,(anonymous_5)
FN:38,(anonymous_6)
FN:41,(anonymous_7)
FN:54,_isUrl
FNF:8
FNH:3
FNDA:0,(anonymous_1)
FNDA:0,(anonymous_2)
FNDA:0,(anonymous_3)
FNDA:0,(anonymous_4)
FNDA:0,(anonymous_5)
FNDA:1,(anonymous_6)
FNDA:1,(anonymous_7)
FNDA:1,_isUrl
DA:1,1
DA:2,1
DA:3,1
DA:4,1
DA:5,1
DA:6,1
DA:7,1
DA:9,1
DA:11,1
DA:12,0
DA:13,0
DA:15,0
DA:16,0
DA:19,0
DA:23,1
DA:24,0
DA:25,0
DA:27,0
DA:28,0
DA:31,1
DA:32,0
DA:33,0
DA:35,0
DA:38,1
DA:39,1
DA:41,1
DA:42,1
DA:44,1
DA:45,0
DA:46,1
DA:47,1
DA:49,0
DA:54,1
DA:55,1
DA:56,1
LF:35
LH:21
BRDA:13,1,0,0
BRDA:13,1,1,0
BRDA:25,2,0,0
BRDA:25,2,1,0
BRDA:32,3,0,0
BRDA:32,3,1,0
BRDA:39,4,0,0
BRDA:39,4,1,1
BRDA:42,5,0,0
BRDA:42,5,1,1
BRDA:44,6,0,0
BRDA:44,6,1,1
BRDA:46,7,0,1
BRDA:46,7,1,0
BRF:14
BRH:4
end_of_record
TN:
SF:/Users/jdario/Development/dashboard/config/index.js
FNF:0
FNH:0
DA:5,1
DA:7,1
DA:9,1
DA:10,1
DA:11,1
DA:12,1
DA:13,1
DA:14,1
DA:15,1
LF:9
LH:9
BRDA:10,1,0,0
BRDA:10,1,1,1
BRF:2
BRH:1
end_of_record
TN:
SF:/Users/jdario/Development/dashboard/src/helpers/broker.js
FN:12,(anonymous_1)
FN:17,(anonymous_2)
FN:33,(anonymous_3)
FN:39,(anonymous_4)
FN:43,(anonymous_5)
FN:47,(anonymous_6)
FN:53,_parse
FN:57,(anonymous_8)
FNF:8
FNH:0
FNDA:0,(anonymous_1)
FNDA:0,(anonymous_2)
FNDA:0,(anonymous_3)
FNDA:0,(anonymous_4)
FNDA:0,(anonymous_5)
FNDA:0,(anonymous_6)
FNDA:0,_parse
FNDA:0,(anonymous_8)
DA:5,1
DA:6,1
DA:7,1
DA:9,1
DA:11,1
DA:12,1
DA:13,0
DA:17,1
DA:18,0
DA:19,0
DA:22,0
DA:26,0
DA:28,0
DA:29,0
DA:30,0
DA:33,1
DA:35,0
DA:36,0
DA:39,1
DA:40,0
DA:43,1
DA:44,0
DA:47,1
DA:48,0
DA:51,1
DA:53,1
DA:54,0
DA:55,0
DA:57,0
DA:58,0
LF:30
LH:13
BRDA:26,1,0,0
BRDA:26,1,1,0
BRF:2
BRH:0
end_of_record
TN:
SF:/Users/jdario/Development/dashboard/src/util/not-found.js
FN:3,NotFound
FNF:1
FNH:0
FNDA:0,NotFound
DA:1,1
DA:3,1
DA:4,0
DA:5,0
DA:6,0
DA:7,0
DA:10,1
DA:12,1
LF:8
LH:4
BRDA:6,1,0,0
BRDA:6,1,1,0
BRF:2
BRH:0
end_of_record
TN:
SF:/Users/jdario/Development/dashboard/src/util/invalid-format.js
FN:3,InvalidFormat
FNF:1
FNH:0
FNDA:0,InvalidFormat
DA:1,1
DA:3,1
DA:4,0
DA:5,0
DA:6,0
DA:7,0
DA:10,1
DA:12,1
LF:8
LH:4
BRDA:6,1,0,0
BRDA:6,1,1,0
BRF:2
BRH:0
end_of_record
TN:
SF:/Users/jdario/Development/dashboard/src/models/_install.js
FN:7,_installFromDir
FN:23,(anonymous_2)
FN:29,_installFromTar
FN:34,(anonymous_4)
FN:37,(anonymous_5)
FN:38,(anonymous_6)
FN:42,(anonymous_7)
FN:52,_installFromGit
FN:55,(anonymous_9)
FN:59,(anonymous_10)
FNF:10
FNH:7
FNDA:1,_installFromDir
FNDA:1,(anonymous_2)
FNDA:1,_installFromTar
FNDA:1,(anonymous_4)
FNDA:1,(anonymous_5)
FNDA:1,(anonymous_6)
FNDA:1,(anonymous_7)
FNDA:0,_installFromGit
FNDA:0,(anonymous_9)
FNDA:0,(anonymous_10)
DA:1,1
DA:2,1
DA:3,1
DA:4,1
DA:5,1
DA:7,1
DA:8,1
DA:9,1
DA:10,1
DA:12,1
DA:13,1
DA:15,1
DA:16,1
DA:19,1
DA:20,1
DA:21,1
DA:23,1
DA:24,1
DA:25,1
DA:29,1
DA:30,1
DA:32,1
DA:35,1
DA:37,1
DA:38,1
DA:39,1
DA:42,1
DA:43,1
DA:46,1
DA:47,1
DA:52,1
DA:53,0
DA:54,0
DA:55,0
DA:56,0
DA:57,0
DA:59,0
DA:60,0
DA:61,0
DA:63,0
DA:68,1
LF:41
LH:32
BRDA:10,1,0,0
BRDA:10,1,1,1
BRDA:13,2,0,0
BRDA:13,2,1,1
BRDA:16,3,0,0
BRDA:16,3,1,1
BRDA:20,4,0,0
BRDA:20,4,1,1
BRDA:24,5,0,0
BRDA:24,5,1,1
BRDA:35,6,0,0
BRDA:35,6,1,1
BRDA:39,7,0,0
BRDA:39,7,1,1
BRDA:43,8,0,0
BRDA:43,8,1,1
BRDA:46,9,0,0
BRDA:46,9,1,1
BRDA:56,10,0,0
BRDA:56,10,1,0
BRDA:60,11,0,0
BRDA:60,11,1,0
BRF:22
BRH:9
end_of_record
